<?xml version="1.0" encoding="UTF-8"?>
<!-- Generated by org.testng.reporters.JUnitReportReporter -->
<testsuite hostname="Ians-MacBook-Pro.local" name="selenium.signuptest.SignupTest" tests="1" failures="0" timestamp="20 May 2016 19:03:24 GMT" time="5.195" errors="0">
  <testcase name="signupTest" time="5.195" classname="selenium.signuptest.SignupTest"/>
</testsuite> <!-- selenium.signuptest.SignupTest -->
